<?xml version="1.0"?>
<ruleset name="Test Ruleset" xmlns="http://pmd.sourceforge.net/ruleset/2.0.0"
         xmlns:xsi="http://www.w3.org/2001/XMLSchema-instance"
         xsi:schemaLocation="http://pmd.sourceforge.net/ruleset/2.0.0 https://pmd.sourceforge.io/ruleset_2_0_0.xsd">

    <description>
        Ruleset used by test RuleSetReferenceIdTest
    </description>

    <rule name="PrintsVariableNames"
          language="java"
          since="1.0"
          message="Violation from test-rset-3.xml: name {0}"
          class="net.sourceforge.pmd.lang.java.rule.DummyJavaRule$DummyRulePrintsVars">
        <description>
            Just for test
        </description>
        <priority>3</priority>
        <example>
 <![CDATA[
            ]]>
     </example>
    </rule>

</ruleset>
